2^32
Precompute neutral bytes for forward takes 3.23 (mins)

tid 0: Find match at partial target.
Find match on 40 bits.
Complexity (Total Forward ) is 2^32
Complexity (Total Backward) is 2^29.4843
Complexity (After Matched ) is 2^29.4843
Complexity (Total) is 2^31.6084
Find match on 40 bits takes 32.7435 (mins)

==== Backward computation ====
#SB3 = 
61  35  c4  da  
b0  9b  6b  0c  
b7  fb  65  59  
c3  96  22  c6  

k2 = 
70  6c  f6  9b  
73  ba  70  54  
fd  50  89  ba  
89  67  6b  6c  

#SB2 = 
dd  bc  d2  0b  
24  1f  58  8b  
f7  4c  c2  a9  
0c  b8  8c  d6  

k1 = 
35  41  8f  ef  
8d  50  4f  72  
d4  bb  77  d3  
3a  10  c7  16  

#SB1 = 
b7  45  3d  c1  
c8  c3  70  72  
78  4b  10  29  
02  06  4f  8e  

k0 = 
3d  fe  04  e2  
2b  36  e8  d3  
7d  77  58  c3  
c6  58  51  e9  

#SB0 = 
80  46  56  f6  
3f  b2  56  d5  
d9  ad  40  67  
f6  d0  18  57  

km = 
9a  69  54  31  
2d  aa  f2  80  
18  60  db  29  
a1  29  19  52  

k6 = 
ef  13  83  07  
5a  f4  25  e0  
44  ef  fb  0f  
f2  a5  be  6f  

#SB0 ⊕ km ⊕ k6 = 
f5  3c  81  c0  
48  ec  81  b5  
85  22  60  41  
a5  5c  bf  6a  

==== Forward computation ====
#SB3 = 
61  35  c4  da  
b0  9b  6b  0c  
b7  fb  65  59  
c3  96  22  c6  

k3 = 
52  00  00  00  
00  52  00  00  
00  00  52  00  
00  00  00  7e  

#SB4 = 
52  53  18  00  
a4  52  8b  00  
a6  16  52  00  
00  49  48  52  

k4 = 
f3  63  34  a1  
f3  63  9d  b4  
0e  63  28  83  
fd  63  4d  7e  

#SB5 = 
f3  e5  cf  a9  
f3  32  a1  de  
0e  d0  e3  d1  
fd  d7  90  71  

k5 = 
cb  b7  36  8e  
4f  3c  4e  ea  
90  9a  3e  9b  
25  0c  7c  68  

#SB6 = 
06  22  bb  34  
94  97  16  d3  
62  f1  f6  05  
5d  d8  53  bb  

#AK6 = 
f5  d3  ae  1a  
48  ec  a2  49  
46  d6  60  4f  
b4  1a  2b  6a  

#AK6 ⊕ #SB0 ⊕ km ⊕ k6 = 
00  ef  2f  da  
00  00  23  fc  
c3  f4  00  0e  
11  46  94  00  

Target = 
00  00  00  00  
00  00  00  00  
00  00  00  00  
00  00  00  00  

